Determining if the Q_WS_WIN exist failed with the following output:
Change Dir: /home/bitshift/Dev/cpp/glmixer/build/CMakeFiles/CMakeTmp

Run Build Command:"/usr/bin/ninja" "cmTC_e76a2"
[1/2] Building CXX object CMakeFiles/cmTC_e76a2.dir/CheckSymbolExists.cxx.o
FAILED: CMakeFiles/cmTC_e76a2.dir/CheckSymbolExists.cxx.o 
/usr/local/bin/c++    -I/usr/include/qt4 -Wno-write-strings -o CMakeFiles/cmTC_e76a2.dir/CheckSymbolExists.cxx.o -c /home/bitshift/Dev/cpp/glmixer/build/CMakeFiles/CMakeTmp/CheckSymbolExists.cxx
/home/bitshift/Dev/cpp/glmixer/build/CMakeFiles/CMakeTmp/CheckSymbolExists.cxx: In function ‘int main(int, char**)’:
/home/bitshift/Dev/cpp/glmixer/build/CMakeFiles/CMakeTmp/CheckSymbolExists.cxx:8:19: error: ‘Q_WS_WIN’ was not declared in this scope
   return ((int*)(&Q_WS_WIN))[argc];
                   ^~~~~~~~
ninja: build stopped: subcommand failed.

File /home/bitshift/Dev/cpp/glmixer/build/CMakeFiles/CMakeTmp/CheckSymbolExists.cxx:
/* */
#include <QtCore/qglobal.h>

int main(int argc, char** argv)
{
  (void)argv;
#ifndef Q_WS_WIN
  return ((int*)(&Q_WS_WIN))[argc];
#else
  (void)argc;
  return 0;
#endif
}

Determining if the Q_WS_QWS exist failed with the following output:
Change Dir: /home/bitshift/Dev/cpp/glmixer/build/CMakeFiles/CMakeTmp

Run Build Command:"/usr/bin/ninja" "cmTC_2fbe7"
[1/2] Building CXX object CMakeFiles/cmTC_2fbe7.dir/CheckSymbolExists.cxx.o
FAILED: CMakeFiles/cmTC_2fbe7.dir/CheckSymbolExists.cxx.o 
/usr/local/bin/c++    -I/usr/include/qt4 -Wno-write-strings -o CMakeFiles/cmTC_2fbe7.dir/CheckSymbolExists.cxx.o -c /home/bitshift/Dev/cpp/glmixer/build/CMakeFiles/CMakeTmp/CheckSymbolExists.cxx
/home/bitshift/Dev/cpp/glmixer/build/CMakeFiles/CMakeTmp/CheckSymbolExists.cxx: In function ‘int main(int, char**)’:
/home/bitshift/Dev/cpp/glmixer/build/CMakeFiles/CMakeTmp/CheckSymbolExists.cxx:8:19: error: ‘Q_WS_QWS’ was not declared in this scope
   return ((int*)(&Q_WS_QWS))[argc];
                   ^~~~~~~~
ninja: build stopped: subcommand failed.

File /home/bitshift/Dev/cpp/glmixer/build/CMakeFiles/CMakeTmp/CheckSymbolExists.cxx:
/* */
#include <QtCore/qglobal.h>

int main(int argc, char** argv)
{
  (void)argv;
#ifndef Q_WS_QWS
  return ((int*)(&Q_WS_QWS))[argc];
#else
  (void)argc;
  return 0;
#endif
}

Determining if the Q_WS_MAC exist failed with the following output:
Change Dir: /home/bitshift/Dev/cpp/glmixer/build/CMakeFiles/CMakeTmp

Run Build Command:"/usr/bin/ninja" "cmTC_db3be"
[1/2] Building CXX object CMakeFiles/cmTC_db3be.dir/CheckSymbolExists.cxx.o
FAILED: CMakeFiles/cmTC_db3be.dir/CheckSymbolExists.cxx.o 
/usr/local/bin/c++    -I/usr/include/qt4 -Wno-write-strings -o CMakeFiles/cmTC_db3be.dir/CheckSymbolExists.cxx.o -c /home/bitshift/Dev/cpp/glmixer/build/CMakeFiles/CMakeTmp/CheckSymbolExists.cxx
/home/bitshift/Dev/cpp/glmixer/build/CMakeFiles/CMakeTmp/CheckSymbolExists.cxx: In function ‘int main(int, char**)’:
/home/bitshift/Dev/cpp/glmixer/build/CMakeFiles/CMakeTmp/CheckSymbolExists.cxx:8:19: error: ‘Q_WS_MAC’ was not declared in this scope
   return ((int*)(&Q_WS_MAC))[argc];
                   ^~~~~~~~
ninja: build stopped: subcommand failed.

File /home/bitshift/Dev/cpp/glmixer/build/CMakeFiles/CMakeTmp/CheckSymbolExists.cxx:
/* */
#include <QtCore/qglobal.h>

int main(int argc, char** argv)
{
  (void)argv;
#ifndef Q_WS_MAC
  return ((int*)(&Q_WS_MAC))[argc];
#else
  (void)argc;
  return 0;
#endif
}

